<?xml version="1.0" encoding="UTF-8"?>
<testsuite xmlns:xsi="http://www.w3.org/2001/XMLSchema-instance" xsi:noNamespaceSchemaLocation="https://maven.apache.org/surefire/maven-surefire-plugin/xsd/surefire-test-report-3.0.xsd" version="3.0" name="org.gs.AmazonCartResourceTest" time="25.488" tests="8" errors="0" skipped="0" failures="0">
  <properties>
    <property name="java.specification.version" value="20"/>
    <property name="test.url" value="http://localhost:8081"/>
    <property name="sun.jnu.encoding" value="UTF-8"/>
    <property name="java.class.path" value="/Users/newuser/Documents/framework-collections-app/quarkus-sales-app-fullstack/be/quarkus-jwt-auth/amazon-cart/target/test-classes:/Users/newuser/Documents/framework-collections-app/quarkus-sales-app-fullstack/be/quarkus-jwt-auth/amazon-cart/target/classes:/Users/newuser/.m2/repository/io/quarkus/quarkus-smallrye-jwt/2.7.4.Final/quarkus-smallrye-jwt-2.7.4.Final.jar:/Users/newuser/.m2/repository/io/smallrye/smallrye-jwt/3.3.3/smallrye-jwt-3.3.3.jar:/Users/newuser/.m2/repository/org/eclipse/microprofile/config/microprofile-config-api/2.0.1/microprofile-config-api-2.0.1.jar:/Users/newuser/.m2/repository/org/eclipse/microprofile/jwt/microprofile-jwt-auth-api/1.2/microprofile-jwt-auth-api-1.2.jar:/Users/newuser/.m2/repository/org/bitbucket/b_c/jose4j/0.7.9/jose4j-0.7.9.jar:/Users/newuser/.m2/repository/io/smallrye/smallrye-jwt-common/3.3.3/smallrye-jwt-common-3.3.3.jar:/Users/newuser/.m2/repository/jakarta/annotation/jakarta.annotation-api/1.3.5/jakarta.annotation-api-1.3.5.jar:/Users/newuser/.m2/repository/io/quarkus/quarkus-core/2.7.4.Final/quarkus-core-2.7.4.Final.jar:/Users/newuser/.m2/repository/jakarta/enterprise/jakarta.enterprise.cdi-api/2.0.2/jakarta.enterprise.cdi-api-2.0.2.jar:/Users/newuser/.m2/repository/jakarta/el/jakarta.el-api/3.0.3/jakarta.el-api-3.0.3.jar:/Users/newuser/.m2/repository/jakarta/inject/jakarta.inject-api/1.0/jakarta.inject-api-1.0.jar:/Users/newuser/.m2/repository/io/quarkus/quarkus-ide-launcher/2.7.4.Final/quarkus-ide-launcher-2.7.4.Final.jar:/Users/newuser/.m2/repository/io/quarkus/quarkus-development-mode-spi/2.7.4.Final/quarkus-development-mode-spi-2.7.4.Final.jar:/Users/newuser/.m2/repository/io/smallrye/config/smallrye-config/2.9.1/smallrye-config-2.9.1.jar:/Users/newuser/.m2/repository/io/smallrye/config/smallrye-config-core/2.9.1/smallrye-config-core-2.9.1.jar:/Users/newuser/.m2/repository/io/smallrye/common/smallrye-common-expression/1.10.0/smallrye-common-expression-1.10.0.jar:/Users/newuser/.m2/repository/io/smallrye/common/smallrye-common-function/1.10.0/smallrye-common-function-1.10.0.jar:/Users/newuser/.m2/repository/io/smallrye/common/smallrye-common-classloader/1.10.0/smallrye-common-classloader-1.10.0.jar:/Users/newuser/.m2/repository/io/smallrye/config/smallrye-config-common/2.9.1/smallrye-config-common-2.9.1.jar:/Users/newuser/.m2/repository/org/jboss/logging/jboss-logging/3.4.3.Final/jboss-logging-3.4.3.Final.jar:/Users/newuser/.m2/repository/org/jboss/logmanager/jboss-logmanager-embedded/1.0.9/jboss-logmanager-embedded-1.0.9.jar:/Users/newuser/.m2/repository/org/jboss/logging/jboss-logging-annotations/2.2.1.Final/jboss-logging-annotations-2.2.1.Final.jar:/Users/newuser/.m2/repository/org/jboss/threads/jboss-threads/3.4.2.Final/jboss-threads-3.4.2.Final.jar:/Users/newuser/.m2/repository/org/slf4j/slf4j-api/1.7.33/slf4j-api-1.7.33.jar:/Users/newuser/.m2/repository/org/jboss/slf4j/slf4j-jboss-logmanager/1.1.0.Final/slf4j-jboss-logmanager-1.1.0.Final.jar:/Users/newuser/.m2/repository/org/graalvm/sdk/graal-sdk/21.3.1/graal-sdk-21.3.1.jar:/Users/newuser/.m2/repository/org/wildfly/common/wildfly-common/1.5.4.Final-format-001/wildfly-common-1.5.4.Final-format-001.jar:/Users/newuser/.m2/repository/io/quarkus/quarkus-bootstrap-runner/2.7.4.Final/quarkus-bootstrap-runner-2.7.4.Final.jar:/Users/newuser/.m2/repository/io/quarkus/quarkus-fs-util/0.0.9/quarkus-fs-util-0.0.9.jar:/Users/newuser/.m2/repository/io/quarkus/quarkus-reactive-routes/2.7.4.Final/quarkus-reactive-routes-2.7.4.Final.jar:/Users/newuser/.m2/repository/io/quarkus/quarkus-vertx/2.7.4.Final/quarkus-vertx-2.7.4.Final.jar:/Users/newuser/.m2/repository/io/quarkus/quarkus-netty/2.7.4.Final/quarkus-netty-2.7.4.Final.jar:/Users/newuser/.m2/repository/io/netty/netty-codec/4.1.74.Final/netty-codec-4.1.74.Final.jar:/Users/newuser/.m2/repository/io/netty/netty-codec-http/4.1.74.Final/netty-codec-http-4.1.74.Final.jar:/Users/newuser/.m2/repository/io/netty/netty-codec-http2/4.1.74.Final/netty-codec-http2-4.1.74.Final.jar:/Users/newuser/.m2/repository/io/netty/netty-handler/4.1.74.Final/netty-handler-4.1.74.Final.jar:/Users/newuser/.m2/repository/io/netty/netty-tcnative-classes/2.0.48.Final/netty-tcnative-classes-2.0.48.Final.jar:/Users/newuser/.m2/repository/io/netty/netty-codec-haproxy/4.1.74.Final/netty-codec-haproxy-4.1.74.Final.jar:/Users/newuser/.m2/repository/io/netty/netty-buffer/4.1.74.Final/netty-buffer-4.1.74.Final.jar:/Users/newuser/.m2/repository/io/netty/netty-transport/4.1.74.Final/netty-transport-4.1.74.Final.jar:/Users/newuser/.m2/repository/io/smallrye/reactive/smallrye-mutiny-vertx-core/2.18.1/smallrye-mutiny-vertx-core-2.18.1.jar:/Users/newuser/.m2/repository/io/smallrye/reactive/smallrye-mutiny-vertx-runtime/2.18.1/smallrye-mutiny-vertx-runtime-2.18.1.jar:/Users/newuser/.m2/repository/io/smallrye/reactive/vertx-mutiny-generator/2.18.1/vertx-mutiny-generator-2.18.1.jar:/Users/newuser/.m2/repository/io/vertx/vertx-codegen/4.2.5/vertx-codegen-4.2.5.jar:/Users/newuser/.m2/repository/io/smallrye/smallrye-fault-tolerance-vertx/5.2.1/smallrye-fault-tolerance-vertx-5.2.1.jar:/Users/newuser/.m2/repository/io/quarkus/quarkus-jackson/2.7.4.Final/quarkus-jackson-2.7.4.Final.jar:/Users/newuser/.m2/repository/com/fasterxml/jackson/datatype/jackson-datatype-jsr310/2.13.1/jackson-datatype-jsr310-2.13.1.jar:/Users/newuser/.m2/repository/com/fasterxml/jackson/datatype/jackson-datatype-jdk8/2.13.1/jackson-datatype-jdk8-2.13.1.jar:/Users/newuser/.m2/repository/com/fasterxml/jackson/module/jackson-module-parameter-names/2.13.1/jackson-module-parameter-names-2.13.1.jar:/Users/newuser/.m2/repository/io/smallrye/common/smallrye-common-annotation/1.10.0/smallrye-common-annotation-1.10.0.jar:/Users/newuser/.m2/repository/io/quarkus/security/quarkus-security/1.1.4.Final/quarkus-security-1.1.4.Final.jar:/Users/newuser/.m2/repository/io/smallrye/reactive/mutiny/1.3.1/mutiny-1.3.1.jar:/Users/newuser/.m2/repository/org/reactivestreams/reactive-streams/1.0.3/reactive-streams-1.0.3.jar:/Users/newuser/.m2/repository/io/quarkus/quarkus-security/2.7.4.Final/quarkus-security-2.7.4.Final.jar:/Users/newuser/.m2/repository/io/quarkus/quarkus-security-runtime-spi/2.7.4.Final/quarkus-security-runtime-spi-2.7.4.Final.jar:/Users/newuser/.m2/repository/jakarta/interceptor/jakarta.interceptor-api/1.2.5/jakarta.interceptor-api-1.2.5.jar:/Users/newuser/.m2/repository/io/quarkus/quarkus-smallrye-jwt-build/2.7.4.Final/quarkus-smallrye-jwt-build-2.7.4.Final.jar:/Users/newuser/.m2/repository/io/smallrye/smallrye-jwt-build/3.3.3/smallrye-jwt-build-3.3.3.jar:/Users/newuser/.m2/repository/io/quarkus/quarkus-jsonp/2.7.4.Final/quarkus-jsonp-2.7.4.Final.jar:/Users/newuser/.m2/repository/org/glassfish/jakarta.json/1.1.6/jakarta.json-1.1.6.jar:/Users/newuser/.m2/repository/io/quarkus/quarkus-test-security/2.7.4.Final/quarkus-test-security-2.7.4.Final.jar:/Users/newuser/.m2/repository/io/quarkus/quarkus-vertx-http/2.7.4.Final/quarkus-vertx-http-2.7.4.Final.jar:/Users/newuser/.m2/repository/io/quarkus/quarkus-mutiny/2.7.4.Final/quarkus-mutiny-2.7.4.Final.jar:/Users/newuser/.m2/repository/io/quarkus/quarkus-smallrye-context-propagation/2.7.4.Final/quarkus-smallrye-context-propagation-2.7.4.Final.jar:/Users/newuser/.m2/repository/io/smallrye/smallrye-context-propagation/1.2.2/smallrye-context-propagation-1.2.2.jar:/Users/newuser/.m2/repository/io/smallrye/smallrye-context-propagation-api/1.2.2/smallrye-context-propagation-api-1.2.2.jar:/Users/newuser/.m2/repository/io/smallrye/smallrye-context-propagation-storage/1.2.2/smallrye-context-propagation-storage-1.2.2.jar:/Users/newuser/.m2/repository/io/smallrye/reactive/mutiny-smallrye-context-propagation/1.3.1/mutiny-smallrye-context-propagation-1.3.1.jar:/Users/newuser/.m2/repository/io/smallrye/common/smallrye-common-vertx-context/1.10.0/smallrye-common-vertx-context-1.10.0.jar:/Users/newuser/.m2/repository/io/vertx/vertx-core/4.2.5/vertx-core-4.2.5.jar:/Users/newuser/.m2/repository/io/netty/netty-common/4.1.74.Final/netty-common-4.1.74.Final.jar:/Users/newuser/.m2/repository/io/netty/netty-handler-proxy/4.1.74.Final/netty-handler-proxy-4.1.74.Final.jar:/Users/newuser/.m2/repository/io/netty/netty-codec-socks/4.1.74.Final/netty-codec-socks-4.1.74.Final.jar:/Users/newuser/.m2/repository/io/netty/netty-resolver/4.1.74.Final/netty-resolver-4.1.74.Final.jar:/Users/newuser/.m2/repository/io/netty/netty-resolver-dns/4.1.74.Final/netty-resolver-dns-4.1.74.Final.jar:/Users/newuser/.m2/repository/io/netty/netty-codec-dns/4.1.74.Final/netty-codec-dns-4.1.74.Final.jar:/Users/newuser/.m2/repository/io/smallrye/common/smallrye-common-constraint/1.10.0/smallrye-common-constraint-1.10.0.jar:/Users/newuser/.m2/repository/io/quarkus/quarkus-vertx-http-dev-console-runtime-spi/2.7.4.Final/quarkus-vertx-http-dev-console-runtime-spi-2.7.4.Final.jar:/Users/newuser/.m2/repository/io/smallrye/reactive/smallrye-mutiny-vertx-web/2.18.1/smallrye-mutiny-vertx-web-2.18.1.jar:/Users/newuser/.m2/repository/io/smallrye/reactive/smallrye-mutiny-vertx-web-common/2.18.1/smallrye-mutiny-vertx-web-common-2.18.1.jar:/Users/newuser/.m2/repository/io/smallrye/reactive/smallrye-mutiny-vertx-auth-common/2.18.1/smallrye-mutiny-vertx-auth-common-2.18.1.jar:/Users/newuser/.m2/repository/io/smallrye/reactive/smallrye-mutiny-vertx-bridge-common/2.18.1/smallrye-mutiny-vertx-bridge-common-2.18.1.jar:/Users/newuser/.m2/repository/io/vertx/vertx-web/4.2.5/vertx-web-4.2.5.jar:/Users/newuser/.m2/repository/io/vertx/vertx-web-common/4.2.5/vertx-web-common-4.2.5.jar:/Users/newuser/.m2/repository/io/vertx/vertx-auth-common/4.2.5/vertx-auth-common-4.2.5.jar:/Users/newuser/.m2/repository/io/vertx/vertx-bridge-common/4.2.5/vertx-bridge-common-4.2.5.jar:/Users/newuser/.m2/repository/org/junit/jupiter/junit-jupiter/5.8.2/junit-jupiter-5.8.2.jar:/Users/newuser/.m2/repository/org/junit/jupiter/junit-jupiter-api/5.8.2/junit-jupiter-api-5.8.2.jar:/Users/newuser/.m2/repository/org/opentest4j/opentest4j/1.2.0/opentest4j-1.2.0.jar:/Users/newuser/.m2/repository/org/junit/platform/junit-platform-commons/1.8.2/junit-platform-commons-1.8.2.jar:/Users/newuser/.m2/repository/org/apiguardian/apiguardian-api/1.1.2/apiguardian-api-1.1.2.jar:/Users/newuser/.m2/repository/org/junit/jupiter/junit-jupiter-params/5.8.2/junit-jupiter-params-5.8.2.jar:/Users/newuser/.m2/repository/org/junit/jupiter/junit-jupiter-engine/5.8.2/junit-jupiter-engine-5.8.2.jar:/Users/newuser/.m2/repository/org/junit/platform/junit-platform-engine/1.8.2/junit-platform-engine-1.8.2.jar:/Users/newuser/.m2/repository/io/quarkus/quarkus-resteasy-jsonb/2.7.4.Final/quarkus-resteasy-jsonb-2.7.4.Final.jar:/Users/newuser/.m2/repository/io/quarkus/quarkus-jsonb/2.7.4.Final/quarkus-jsonb-2.7.4.Final.jar:/Users/newuser/.m2/repository/org/eclipse/yasson/1.0.11/yasson-1.0.11.jar:/Users/newuser/.m2/repository/org/jboss/resteasy/resteasy-json-binding-provider/4.7.5.Final/resteasy-json-binding-provider-4.7.5.Final.jar:/Users/newuser/.m2/repository/jakarta/json/bind/jakarta.json.bind-api/1.0.2/jakarta.json.bind-api-1.0.2.jar:/Users/newuser/.m2/repository/org/jboss/resteasy/resteasy-json-p-provider/4.7.5.Final/resteasy-json-p-provider-4.7.5.Final.jar:/Users/newuser/.m2/repository/commons-io/commons-io/2.11.0/commons-io-2.11.0.jar:/Users/newuser/.m2/repository/io/quarkus/quarkus-container-image-jib/2.7.4.Final/quarkus-container-image-jib-2.7.4.Final.jar:/Users/newuser/.m2/repository/io/quarkus/quarkus-container-image/2.7.4.Final/quarkus-container-image-2.7.4.Final.jar:/Users/newuser/.m2/repository/io/quarkus/quarkus-resteasy/2.7.4.Final/quarkus-resteasy-2.7.4.Final.jar:/Users/newuser/.m2/repository/io/quarkus/quarkus-resteasy-server-common/2.7.4.Final/quarkus-resteasy-server-common-2.7.4.Final.jar:/Users/newuser/.m2/repository/io/quarkus/quarkus-resteasy-common/2.7.4.Final/quarkus-resteasy-common-2.7.4.Final.jar:/Users/newuser/.m2/repository/org/jboss/resteasy/resteasy-core/4.7.5.Final/resteasy-core-4.7.5.Final.jar:/Users/newuser/.m2/repository/org/jboss/spec/javax/ws/rs/jboss-jaxrs-api_2.1_spec/2.0.1.Final/jboss-jaxrs-api_2.1_spec-2.0.1.Final.jar:/Users/newuser/.m2/repository/org/jboss/spec/javax/xml/bind/jboss-jaxb-api_2.3_spec/2.0.0.Final/jboss-jaxb-api_2.3_spec-2.0.0.Final.jar:/Users/newuser/.m2/repository/org/jboss/resteasy/resteasy-core-spi/4.7.5.Final/resteasy-core-spi-4.7.5.Final.jar:/Users/newuser/.m2/repository/com/ibm/async/asyncutil/0.1.0/asyncutil-0.1.0.jar:/Users/newuser/.m2/repository/com/sun/activation/jakarta.activation/1.2.1/jakarta.activation-1.2.1.jar:/Users/newuser/.m2/repository/jakarta/validation/jakarta.validation-api/2.0.2/jakarta.validation-api-2.0.2.jar:/Users/newuser/.m2/repository/io/quarkus/quarkus-arc/2.7.4.Final/quarkus-arc-2.7.4.Final.jar:/Users/newuser/.m2/repository/io/quarkus/arc/arc/2.7.4.Final/arc-2.7.4.Final.jar:/Users/newuser/.m2/repository/jakarta/transaction/jakarta.transaction-api/1.3.3/jakarta.transaction-api-1.3.3.jar:/Users/newuser/.m2/repository/org/eclipse/microprofile/context-propagation/microprofile-context-propagation-api/1.2/microprofile-context-propagation-api-1.2.jar:/Users/newuser/.m2/repository/io/quarkus/quarkus-smallrye-openapi/2.7.4.Final/quarkus-smallrye-openapi-2.7.4.Final.jar:/Users/newuser/.m2/repository/io/smallrye/smallrye-open-api-core/2.1.21/smallrye-open-api-core-2.1.21.jar:/Users/newuser/.m2/repository/org/eclipse/microprofile/openapi/microprofile-openapi-api/2.0.1/microprofile-openapi-api-2.0.1.jar:/Users/newuser/.m2/repository/com/fasterxml/jackson/core/jackson-core/2.13.1/jackson-core-2.13.1.jar:/Users/newuser/.m2/repository/com/fasterxml/jackson/core/jackson-databind/2.13.1/jackson-databind-2.13.1.jar:/Users/newuser/.m2/repository/com/fasterxml/jackson/core/jackson-annotations/2.13.1/jackson-annotations-2.13.1.jar:/Users/newuser/.m2/repository/com/fasterxml/jackson/dataformat/jackson-dataformat-yaml/2.13.1/jackson-dataformat-yaml-2.13.1.jar:/Users/newuser/.m2/repository/org/yaml/snakeyaml/1.30/snakeyaml-1.30.jar:/Users/newuser/.m2/repository/org/jboss/jandex/2.4.2.Final/jandex-2.4.2.Final.jar:/Users/newuser/.m2/repository/io/quarkus/quarkus-swagger-ui/2.7.4.Final/quarkus-swagger-ui-2.7.4.Final.jar:/Users/newuser/.m2/repository/io/quarkus/quarkus-junit5/2.7.4.Final/quarkus-junit5-2.7.4.Final.jar:/Users/newuser/.m2/repository/io/quarkus/quarkus-bootstrap-core/2.7.4.Final/quarkus-bootstrap-core-2.7.4.Final.jar:/Users/newuser/.m2/repository/io/quarkus/quarkus-bootstrap-app-model/2.7.4.Final/quarkus-bootstrap-app-model-2.7.4.Final.jar:/Users/newuser/.m2/repository/io/quarkus/quarkus-bootstrap-maven-resolver/2.7.4.Final/quarkus-bootstrap-maven-resolver-2.7.4.Final.jar:/Users/newuser/.m2/repository/org/apache/maven/maven-embedder/3.8.4/maven-embedder-3.8.4.jar:/Users/newuser/.m2/repository/org/apache/maven/maven-settings/3.8.4/maven-settings-3.8.4.jar:/Users/newuser/.m2/repository/org/apache/maven/maven-core/3.8.4/maven-core-3.8.4.jar:/Users/newuser/.m2/repository/org/apache/maven/maven-artifact/3.8.4/maven-artifact-3.8.4.jar:/Users/newuser/.m2/repository/org/codehaus/plexus/plexus-component-annotations/2.1.0/plexus-component-annotations-2.1.0.jar:/Users/newuser/.m2/repository/org/apache/maven/maven-plugin-api/3.8.4/maven-plugin-api-3.8.4.jar:/Users/newuser/.m2/repository/org/apache/maven/maven-model/3.8.4/maven-model-3.8.4.jar:/Users/newuser/.m2/repository/org/apache/maven/maven-model-builder/3.8.4/maven-model-builder-3.8.4.jar:/Users/newuser/.m2/repository/org/apache/maven/maven-builder-support/3.8.4/maven-builder-support-3.8.4.jar:/Users/newuser/.m2/repository/org/apache/maven/resolver/maven-resolver-api/1.6.3/maven-resolver-api-1.6.3.jar:/Users/newuser/.m2/repository/org/apache/maven/resolver/maven-resolver-util/1.6.3/maven-resolver-util-1.6.3.jar:/Users/newuser/.m2/repository/org/apache/maven/shared/maven-shared-utils/3.3.4/maven-shared-utils-3.3.4.jar:/Users/newuser/.m2/repository/com/google/inject/guice/4.2.2/guice-4.2.2-no_aop.jar:/Users/newuser/.m2/repository/com/google/guava/guava/30.1.1-jre/guava-30.1.1-jre.jar:/Users/newuser/.m2/repository/com/google/guava/failureaccess/1.0.1/failureaccess-1.0.1.jar:/Users/newuser/.m2/repository/org/codehaus/plexus/plexus-classworlds/2.6.0/plexus-classworlds-2.6.0.jar:/Users/newuser/.m2/repository/org/codehaus/plexus/plexus-sec-dispatcher/2.0/plexus-sec-dispatcher-2.0.jar:/Users/newuser/.m2/repository/org/codehaus/plexus/plexus-cipher/2.0/plexus-cipher-2.0.jar:/Users/newuser/.m2/repository/commons-cli/commons-cli/1.4/commons-cli-1.4.jar:/Users/newuser/.m2/repository/org/eclipse/sisu/org.eclipse.sisu.plexus/0.3.5/org.eclipse.sisu.plexus-0.3.5.jar:/Users/newuser/.m2/repository/org/apache/maven/maven-settings-builder/3.8.4/maven-settings-builder-3.8.4.jar:/Users/newuser/.m2/repository/org/codehaus/plexus/plexus-interpolation/1.26/plexus-interpolation-1.26.jar:/Users/newuser/.m2/repository/org/apache/maven/maven-resolver-provider/3.8.4/maven-resolver-provider-3.8.4.jar:/Users/newuser/.m2/repository/org/apache/maven/maven-repository-metadata/3.8.4/maven-repository-metadata-3.8.4.jar:/Users/newuser/.m2/repository/org/apache/maven/resolver/maven-resolver-spi/1.6.3/maven-resolver-spi-1.6.3.jar:/Users/newuser/.m2/repository/org/apache/maven/resolver/maven-resolver-impl/1.6.3/maven-resolver-impl-1.6.3.jar:/Users/newuser/.m2/repository/org/codehaus/plexus/plexus-utils/3.3.0/plexus-utils-3.3.0.jar:/Users/newuser/.m2/repository/org/apache/maven/resolver/maven-resolver-connector-basic/1.6.3/maven-resolver-connector-basic-1.6.3.jar:/Users/newuser/.m2/repository/org/apache/maven/resolver/maven-resolver-transport-wagon/1.6.3/maven-resolver-transport-wagon-1.6.3.jar:/Users/newuser/.m2/repository/org/apache/maven/wagon/wagon-http/3.4.3/wagon-http-3.4.3.jar:/Users/newuser/.m2/repository/org/apache/maven/wagon/wagon-http-shared/3.4.3/wagon-http-shared-3.4.3.jar:/Users/newuser/.m2/repository/org/jsoup/jsoup/1.14.2/jsoup-1.14.2.jar:/Users/newuser/.m2/repository/org/apache/maven/wagon/wagon-provider-api/3.4.3/wagon-provider-api-3.4.3.jar:/Users/newuser/.m2/repository/org/apache/maven/wagon/wagon-file/3.4.3/wagon-file-3.4.3.jar:/Users/newuser/.m2/repository/io/quarkus/quarkus-bootstrap-gradle-resolver/2.7.4.Final/quarkus-bootstrap-gradle-resolver-2.7.4.Final.jar:/Users/newuser/.m2/repository/io/smallrye/common/smallrye-common-io/1.10.0/smallrye-common-io-1.10.0.jar:/Users/newuser/.m2/repository/org/eclipse/sisu/org.eclipse.sisu.inject/0.3.5/org.eclipse.sisu.inject-0.3.5.jar:/Users/newuser/.m2/repository/io/quarkus/quarkus-test-common/2.7.4.Final/quarkus-test-common-2.7.4.Final.jar:/Users/newuser/.m2/repository/io/quarkus/quarkus-core-deployment/2.7.4.Final/quarkus-core-deployment-2.7.4.Final.jar:/Users/newuser/.m2/repository/org/aesh/readline/2.2/readline-2.2.jar:/Users/newuser/.m2/repository/org/fusesource/jansi/jansi/1.18/jansi-1.18.jar:/Users/newuser/.m2/repository/org/aesh/aesh/2.6/aesh-2.6.jar:/Users/newuser/.m2/repository/io/quarkus/gizmo/gizmo/1.0.10.Final/gizmo-1.0.10.Final.jar:/Users/newuser/.m2/repository/org/ow2/asm/asm-util/9.2/asm-util-9.2.jar:/Users/newuser/.m2/repository/org/ow2/asm/asm/9.2/asm-9.2.jar:/Users/newuser/.m2/repository/org/ow2/asm/asm-commons/9.2/asm-commons-9.2.jar:/Users/newuser/.m2/repository/org/ow2/asm/asm-tree/9.2/asm-tree-9.2.jar:/Users/newuser/.m2/repository/org/ow2/asm/asm-analysis/9.2/asm-analysis-9.2.jar:/Users/newuser/.m2/repository/io/quarkus/quarkus-class-change-agent/2.7.4.Final/quarkus-class-change-agent-2.7.4.Final.jar:/Users/newuser/.m2/repository/io/quarkus/quarkus-devtools-utilities/2.7.4.Final/quarkus-devtools-utilities-2.7.4.Final.jar:/Users/newuser/.m2/repository/io/quarkus/quarkus-builder/2.7.4.Final/quarkus-builder-2.7.4.Final.jar:/Users/newuser/.m2/repository/org/junit/platform/junit-platform-launcher/1.8.2/junit-platform-launcher-1.8.2.jar:/Users/newuser/.m2/repository/io/quarkus/quarkus-jsonp-deployment/2.7.4.Final/quarkus-jsonp-deployment-2.7.4.Final.jar:/Users/newuser/.m2/repository/org/jboss/logging/commons-logging-jboss-logging/1.0.0.Final/commons-logging-jboss-logging-1.0.0.Final.jar:/Users/newuser/.m2/repository/io/quarkus/quarkus-junit5-properties/2.7.4.Final/quarkus-junit5-properties-2.7.4.Final.jar:/Users/newuser/.m2/repository/com/thoughtworks/xstream/xstream/1.4.19/xstream-1.4.19.jar:/Users/newuser/.m2/repository/io/github/x-stream/mxparser/1.2.2/mxparser-1.2.2.jar:/Users/newuser/.m2/repository/xmlpull/xmlpull/1.1.3.1/xmlpull-1.1.3.1.jar:/Users/newuser/.m2/repository/io/rest-assured/rest-assured/4.4.0/rest-assured-4.4.0.jar:/Users/newuser/.m2/repository/org/codehaus/groovy/groovy/3.0.8/groovy-3.0.8.jar:/Users/newuser/.m2/repository/org/codehaus/groovy/groovy-xml/3.0.8/groovy-xml-3.0.8.jar:/Users/newuser/.m2/repository/org/apache/httpcomponents/httpclient/4.5.13/httpclient-4.5.13.jar:/Users/newuser/.m2/repository/org/apache/httpcomponents/httpcore/4.4.15/httpcore-4.4.15.jar:/Users/newuser/.m2/repository/commons-codec/commons-codec/1.15/commons-codec-1.15.jar:/Users/newuser/.m2/repository/org/apache/httpcomponents/httpmime/4.5.13/httpmime-4.5.13.jar:/Users/newuser/.m2/repository/org/hamcrest/hamcrest/2.1/hamcrest-2.1.jar:/Users/newuser/.m2/repository/org/ccil/cowan/tagsoup/tagsoup/1.2.1/tagsoup-1.2.1.jar:/Users/newuser/.m2/repository/io/rest-assured/json-path/4.4.0/json-path-4.4.0.jar:/Users/newuser/.m2/repository/org/codehaus/groovy/groovy-json/3.0.8/groovy-json-3.0.8.jar:/Users/newuser/.m2/repository/io/rest-assured/rest-assured-common/4.4.0/rest-assured-common-4.4.0.jar:/Users/newuser/.m2/repository/io/rest-assured/xml-path/4.4.0/xml-path-4.4.0.jar:/Users/newuser/.m2/repository/org/apache/commons/commons-lang3/3.12.0/commons-lang3-3.12.0.jar:/Users/newuser/.m2/repository/jakarta/xml/bind/jakarta.xml.bind-api/2.3.3/jakarta.xml.bind-api-2.3.3.jar:/Users/newuser/.m2/repository/com/sun/xml/bind/jaxb-impl/2.3.3/jaxb-impl-2.3.3.jar:"/>
    <property name="java.vm.vendor" value="Homebrew"/>
    <property name="sun.arch.data.model" value="64"/>
    <property name="java.vendor.url" value="https://github.com/Homebrew/homebrew-core/issues"/>
    <property name="user.timezone" value="Asia/Jakarta"/>
    <property name="os.name" value="Mac OS X"/>
    <property name="java.vm.specification.version" value="20"/>
    <property name="sun.java.launcher" value="SUN_STANDARD"/>
    <property name="user.country" value="SG"/>
    <property name="mp.openapi.extensions.smallrye.defaultProduces" value="application/json"/>
    <property name="sun.boot.library.path" value="/usr/local/Cellar/openjdk/20.0.1/libexec/openjdk.jdk/Contents/Home/lib"/>
    <property name="sun.java.command" value="/Users/newuser/Documents/framework-collections-app/quarkus-sales-app-fullstack/be/quarkus-jwt-auth/amazon-cart/target/surefire/surefirebooter10830031914988932154.jar /Users/newuser/Documents/framework-collections-app/quarkus-sales-app-fullstack/be/quarkus-jwt-auth/amazon-cart/target/surefire 2023-08-07T11-43-07_354-jvmRun1 surefire8057938979975513319tmp surefire_05867217841442737340tmp"/>
    <property name="http.nonProxyHosts" value="local|*.local|169.254/16|*.169.254/16"/>
    <property name="jdk.debug" value="release"/>
    <property name="maven.home" value="/usr/local/Cellar/maven/3.9.2/libexec"/>
    <property name="surefire.test.class.path" value="/Users/newuser/Documents/framework-collections-app/quarkus-sales-app-fullstack/be/quarkus-jwt-auth/amazon-cart/target/test-classes:/Users/newuser/Documents/framework-collections-app/quarkus-sales-app-fullstack/be/quarkus-jwt-auth/amazon-cart/target/classes:/Users/newuser/.m2/repository/io/quarkus/quarkus-smallrye-jwt/2.7.4.Final/quarkus-smallrye-jwt-2.7.4.Final.jar:/Users/newuser/.m2/repository/io/smallrye/smallrye-jwt/3.3.3/smallrye-jwt-3.3.3.jar:/Users/newuser/.m2/repository/org/eclipse/microprofile/config/microprofile-config-api/2.0.1/microprofile-config-api-2.0.1.jar:/Users/newuser/.m2/repository/org/eclipse/microprofile/jwt/microprofile-jwt-auth-api/1.2/microprofile-jwt-auth-api-1.2.jar:/Users/newuser/.m2/repository/org/bitbucket/b_c/jose4j/0.7.9/jose4j-0.7.9.jar:/Users/newuser/.m2/repository/io/smallrye/smallrye-jwt-common/3.3.3/smallrye-jwt-common-3.3.3.jar:/Users/newuser/.m2/repository/jakarta/annotation/jakarta.annotation-api/1.3.5/jakarta.annotation-api-1.3.5.jar:/Users/newuser/.m2/repository/io/quarkus/quarkus-core/2.7.4.Final/quarkus-core-2.7.4.Final.jar:/Users/newuser/.m2/repository/jakarta/enterprise/jakarta.enterprise.cdi-api/2.0.2/jakarta.enterprise.cdi-api-2.0.2.jar:/Users/newuser/.m2/repository/jakarta/el/jakarta.el-api/3.0.3/jakarta.el-api-3.0.3.jar:/Users/newuser/.m2/repository/jakarta/inject/jakarta.inject-api/1.0/jakarta.inject-api-1.0.jar:/Users/newuser/.m2/repository/io/quarkus/quarkus-ide-launcher/2.7.4.Final/quarkus-ide-launcher-2.7.4.Final.jar:/Users/newuser/.m2/repository/io/quarkus/quarkus-development-mode-spi/2.7.4.Final/quarkus-development-mode-spi-2.7.4.Final.jar:/Users/newuser/.m2/repository/io/smallrye/config/smallrye-config/2.9.1/smallrye-config-2.9.1.jar:/Users/newuser/.m2/repository/io/smallrye/config/smallrye-config-core/2.9.1/smallrye-config-core-2.9.1.jar:/Users/newuser/.m2/repository/io/smallrye/common/smallrye-common-expression/1.10.0/smallrye-common-expression-1.10.0.jar:/Users/newuser/.m2/repository/io/smallrye/common/smallrye-common-function/1.10.0/smallrye-common-function-1.10.0.jar:/Users/newuser/.m2/repository/io/smallrye/common/smallrye-common-classloader/1.10.0/smallrye-common-classloader-1.10.0.jar:/Users/newuser/.m2/repository/io/smallrye/config/smallrye-config-common/2.9.1/smallrye-config-common-2.9.1.jar:/Users/newuser/.m2/repository/org/jboss/logging/jboss-logging/3.4.3.Final/jboss-logging-3.4.3.Final.jar:/Users/newuser/.m2/repository/org/jboss/logmanager/jboss-logmanager-embedded/1.0.9/jboss-logmanager-embedded-1.0.9.jar:/Users/newuser/.m2/repository/org/jboss/logging/jboss-logging-annotations/2.2.1.Final/jboss-logging-annotations-2.2.1.Final.jar:/Users/newuser/.m2/repository/org/jboss/threads/jboss-threads/3.4.2.Final/jboss-threads-3.4.2.Final.jar:/Users/newuser/.m2/repository/org/slf4j/slf4j-api/1.7.33/slf4j-api-1.7.33.jar:/Users/newuser/.m2/repository/org/jboss/slf4j/slf4j-jboss-logmanager/1.1.0.Final/slf4j-jboss-logmanager-1.1.0.Final.jar:/Users/newuser/.m2/repository/org/graalvm/sdk/graal-sdk/21.3.1/graal-sdk-21.3.1.jar:/Users/newuser/.m2/repository/org/wildfly/common/wildfly-common/1.5.4.Final-format-001/wildfly-common-1.5.4.Final-format-001.jar:/Users/newuser/.m2/repository/io/quarkus/quarkus-bootstrap-runner/2.7.4.Final/quarkus-bootstrap-runner-2.7.4.Final.jar:/Users/newuser/.m2/repository/io/quarkus/quarkus-fs-util/0.0.9/quarkus-fs-util-0.0.9.jar:/Users/newuser/.m2/repository/io/quarkus/quarkus-reactive-routes/2.7.4.Final/quarkus-reactive-routes-2.7.4.Final.jar:/Users/newuser/.m2/repository/io/quarkus/quarkus-vertx/2.7.4.Final/quarkus-vertx-2.7.4.Final.jar:/Users/newuser/.m2/repository/io/quarkus/quarkus-netty/2.7.4.Final/quarkus-netty-2.7.4.Final.jar:/Users/newuser/.m2/repository/io/netty/netty-codec/4.1.74.Final/netty-codec-4.1.74.Final.jar:/Users/newuser/.m2/repository/io/netty/netty-codec-http/4.1.74.Final/netty-codec-http-4.1.74.Final.jar:/Users/newuser/.m2/repository/io/netty/netty-codec-http2/4.1.74.Final/netty-codec-http2-4.1.74.Final.jar:/Users/newuser/.m2/repository/io/netty/netty-handler/4.1.74.Final/netty-handler-4.1.74.Final.jar:/Users/newuser/.m2/repository/io/netty/netty-tcnative-classes/2.0.48.Final/netty-tcnative-classes-2.0.48.Final.jar:/Users/newuser/.m2/repository/io/netty/netty-codec-haproxy/4.1.74.Final/netty-codec-haproxy-4.1.74.Final.jar:/Users/newuser/.m2/repository/io/netty/netty-buffer/4.1.74.Final/netty-buffer-4.1.74.Final.jar:/Users/newuser/.m2/repository/io/netty/netty-transport/4.1.74.Final/netty-transport-4.1.74.Final.jar:/Users/newuser/.m2/repository/io/smallrye/reactive/smallrye-mutiny-vertx-core/2.18.1/smallrye-mutiny-vertx-core-2.18.1.jar:/Users/newuser/.m2/repository/io/smallrye/reactive/smallrye-mutiny-vertx-runtime/2.18.1/smallrye-mutiny-vertx-runtime-2.18.1.jar:/Users/newuser/.m2/repository/io/smallrye/reactive/vertx-mutiny-generator/2.18.1/vertx-mutiny-generator-2.18.1.jar:/Users/newuser/.m2/repository/io/vertx/vertx-codegen/4.2.5/vertx-codegen-4.2.5.jar:/Users/newuser/.m2/repository/io/smallrye/smallrye-fault-tolerance-vertx/5.2.1/smallrye-fault-tolerance-vertx-5.2.1.jar:/Users/newuser/.m2/repository/io/quarkus/quarkus-jackson/2.7.4.Final/quarkus-jackson-2.7.4.Final.jar:/Users/newuser/.m2/repository/com/fasterxml/jackson/datatype/jackson-datatype-jsr310/2.13.1/jackson-datatype-jsr310-2.13.1.jar:/Users/newuser/.m2/repository/com/fasterxml/jackson/datatype/jackson-datatype-jdk8/2.13.1/jackson-datatype-jdk8-2.13.1.jar:/Users/newuser/.m2/repository/com/fasterxml/jackson/module/jackson-module-parameter-names/2.13.1/jackson-module-parameter-names-2.13.1.jar:/Users/newuser/.m2/repository/io/smallrye/common/smallrye-common-annotation/1.10.0/smallrye-common-annotation-1.10.0.jar:/Users/newuser/.m2/repository/io/quarkus/security/quarkus-security/1.1.4.Final/quarkus-security-1.1.4.Final.jar:/Users/newuser/.m2/repository/io/smallrye/reactive/mutiny/1.3.1/mutiny-1.3.1.jar:/Users/newuser/.m2/repository/org/reactivestreams/reactive-streams/1.0.3/reactive-streams-1.0.3.jar:/Users/newuser/.m2/repository/io/quarkus/quarkus-security/2.7.4.Final/quarkus-security-2.7.4.Final.jar:/Users/newuser/.m2/repository/io/quarkus/quarkus-security-runtime-spi/2.7.4.Final/quarkus-security-runtime-spi-2.7.4.Final.jar:/Users/newuser/.m2/repository/jakarta/interceptor/jakarta.interceptor-api/1.2.5/jakarta.interceptor-api-1.2.5.jar:/Users/newuser/.m2/repository/io/quarkus/quarkus-smallrye-jwt-build/2.7.4.Final/quarkus-smallrye-jwt-build-2.7.4.Final.jar:/Users/newuser/.m2/repository/io/smallrye/smallrye-jwt-build/3.3.3/smallrye-jwt-build-3.3.3.jar:/Users/newuser/.m2/repository/io/quarkus/quarkus-jsonp/2.7.4.Final/quarkus-jsonp-2.7.4.Final.jar:/Users/newuser/.m2/repository/org/glassfish/jakarta.json/1.1.6/jakarta.json-1.1.6.jar:/Users/newuser/.m2/repository/io/quarkus/quarkus-test-security/2.7.4.Final/quarkus-test-security-2.7.4.Final.jar:/Users/newuser/.m2/repository/io/quarkus/quarkus-vertx-http/2.7.4.Final/quarkus-vertx-http-2.7.4.Final.jar:/Users/newuser/.m2/repository/io/quarkus/quarkus-mutiny/2.7.4.Final/quarkus-mutiny-2.7.4.Final.jar:/Users/newuser/.m2/repository/io/quarkus/quarkus-smallrye-context-propagation/2.7.4.Final/quarkus-smallrye-context-propagation-2.7.4.Final.jar:/Users/newuser/.m2/repository/io/smallrye/smallrye-context-propagation/1.2.2/smallrye-context-propagation-1.2.2.jar:/Users/newuser/.m2/repository/io/smallrye/smallrye-context-propagation-api/1.2.2/smallrye-context-propagation-api-1.2.2.jar:/Users/newuser/.m2/repository/io/smallrye/smallrye-context-propagation-storage/1.2.2/smallrye-context-propagation-storage-1.2.2.jar:/Users/newuser/.m2/repository/io/smallrye/reactive/mutiny-smallrye-context-propagation/1.3.1/mutiny-smallrye-context-propagation-1.3.1.jar:/Users/newuser/.m2/repository/io/smallrye/common/smallrye-common-vertx-context/1.10.0/smallrye-common-vertx-context-1.10.0.jar:/Users/newuser/.m2/repository/io/vertx/vertx-core/4.2.5/vertx-core-4.2.5.jar:/Users/newuser/.m2/repository/io/netty/netty-common/4.1.74.Final/netty-common-4.1.74.Final.jar:/Users/newuser/.m2/repository/io/netty/netty-handler-proxy/4.1.74.Final/netty-handler-proxy-4.1.74.Final.jar:/Users/newuser/.m2/repository/io/netty/netty-codec-socks/4.1.74.Final/netty-codec-socks-4.1.74.Final.jar:/Users/newuser/.m2/repository/io/netty/netty-resolver/4.1.74.Final/netty-resolver-4.1.74.Final.jar:/Users/newuser/.m2/repository/io/netty/netty-resolver-dns/4.1.74.Final/netty-resolver-dns-4.1.74.Final.jar:/Users/newuser/.m2/repository/io/netty/netty-codec-dns/4.1.74.Final/netty-codec-dns-4.1.74.Final.jar:/Users/newuser/.m2/repository/io/smallrye/common/smallrye-common-constraint/1.10.0/smallrye-common-constraint-1.10.0.jar:/Users/newuser/.m2/repository/io/quarkus/quarkus-vertx-http-dev-console-runtime-spi/2.7.4.Final/quarkus-vertx-http-dev-console-runtime-spi-2.7.4.Final.jar:/Users/newuser/.m2/repository/io/smallrye/reactive/smallrye-mutiny-vertx-web/2.18.1/smallrye-mutiny-vertx-web-2.18.1.jar:/Users/newuser/.m2/repository/io/smallrye/reactive/smallrye-mutiny-vertx-web-common/2.18.1/smallrye-mutiny-vertx-web-common-2.18.1.jar:/Users/newuser/.m2/repository/io/smallrye/reactive/smallrye-mutiny-vertx-auth-common/2.18.1/smallrye-mutiny-vertx-auth-common-2.18.1.jar:/Users/newuser/.m2/repository/io/smallrye/reactive/smallrye-mutiny-vertx-bridge-common/2.18.1/smallrye-mutiny-vertx-bridge-common-2.18.1.jar:/Users/newuser/.m2/repository/io/vertx/vertx-web/4.2.5/vertx-web-4.2.5.jar:/Users/newuser/.m2/repository/io/vertx/vertx-web-common/4.2.5/vertx-web-common-4.2.5.jar:/Users/newuser/.m2/repository/io/vertx/vertx-auth-common/4.2.5/vertx-auth-common-4.2.5.jar:/Users/newuser/.m2/repository/io/vertx/vertx-bridge-common/4.2.5/vertx-bridge-common-4.2.5.jar:/Users/newuser/.m2/repository/org/junit/jupiter/junit-jupiter/5.8.2/junit-jupiter-5.8.2.jar:/Users/newuser/.m2/repository/org/junit/jupiter/junit-jupiter-api/5.8.2/junit-jupiter-api-5.8.2.jar:/Users/newuser/.m2/repository/org/opentest4j/opentest4j/1.2.0/opentest4j-1.2.0.jar:/Users/newuser/.m2/repository/org/junit/platform/junit-platform-commons/1.8.2/junit-platform-commons-1.8.2.jar:/Users/newuser/.m2/repository/org/apiguardian/apiguardian-api/1.1.2/apiguardian-api-1.1.2.jar:/Users/newuser/.m2/repository/org/junit/jupiter/junit-jupiter-params/5.8.2/junit-jupiter-params-5.8.2.jar:/Users/newuser/.m2/repository/org/junit/jupiter/junit-jupiter-engine/5.8.2/junit-jupiter-engine-5.8.2.jar:/Users/newuser/.m2/repository/org/junit/platform/junit-platform-engine/1.8.2/junit-platform-engine-1.8.2.jar:/Users/newuser/.m2/repository/io/quarkus/quarkus-resteasy-jsonb/2.7.4.Final/quarkus-resteasy-jsonb-2.7.4.Final.jar:/Users/newuser/.m2/repository/io/quarkus/quarkus-jsonb/2.7.4.Final/quarkus-jsonb-2.7.4.Final.jar:/Users/newuser/.m2/repository/org/eclipse/yasson/1.0.11/yasson-1.0.11.jar:/Users/newuser/.m2/repository/org/jboss/resteasy/resteasy-json-binding-provider/4.7.5.Final/resteasy-json-binding-provider-4.7.5.Final.jar:/Users/newuser/.m2/repository/jakarta/json/bind/jakarta.json.bind-api/1.0.2/jakarta.json.bind-api-1.0.2.jar:/Users/newuser/.m2/repository/org/jboss/resteasy/resteasy-json-p-provider/4.7.5.Final/resteasy-json-p-provider-4.7.5.Final.jar:/Users/newuser/.m2/repository/commons-io/commons-io/2.11.0/commons-io-2.11.0.jar:/Users/newuser/.m2/repository/io/quarkus/quarkus-container-image-jib/2.7.4.Final/quarkus-container-image-jib-2.7.4.Final.jar:/Users/newuser/.m2/repository/io/quarkus/quarkus-container-image/2.7.4.Final/quarkus-container-image-2.7.4.Final.jar:/Users/newuser/.m2/repository/io/quarkus/quarkus-resteasy/2.7.4.Final/quarkus-resteasy-2.7.4.Final.jar:/Users/newuser/.m2/repository/io/quarkus/quarkus-resteasy-server-common/2.7.4.Final/quarkus-resteasy-server-common-2.7.4.Final.jar:/Users/newuser/.m2/repository/io/quarkus/quarkus-resteasy-common/2.7.4.Final/quarkus-resteasy-common-2.7.4.Final.jar:/Users/newuser/.m2/repository/org/jboss/resteasy/resteasy-core/4.7.5.Final/resteasy-core-4.7.5.Final.jar:/Users/newuser/.m2/repository/org/jboss/spec/javax/ws/rs/jboss-jaxrs-api_2.1_spec/2.0.1.Final/jboss-jaxrs-api_2.1_spec-2.0.1.Final.jar:/Users/newuser/.m2/repository/org/jboss/spec/javax/xml/bind/jboss-jaxb-api_2.3_spec/2.0.0.Final/jboss-jaxb-api_2.3_spec-2.0.0.Final.jar:/Users/newuser/.m2/repository/org/jboss/resteasy/resteasy-core-spi/4.7.5.Final/resteasy-core-spi-4.7.5.Final.jar:/Users/newuser/.m2/repository/com/ibm/async/asyncutil/0.1.0/asyncutil-0.1.0.jar:/Users/newuser/.m2/repository/com/sun/activation/jakarta.activation/1.2.1/jakarta.activation-1.2.1.jar:/Users/newuser/.m2/repository/jakarta/validation/jakarta.validation-api/2.0.2/jakarta.validation-api-2.0.2.jar:/Users/newuser/.m2/repository/io/quarkus/quarkus-arc/2.7.4.Final/quarkus-arc-2.7.4.Final.jar:/Users/newuser/.m2/repository/io/quarkus/arc/arc/2.7.4.Final/arc-2.7.4.Final.jar:/Users/newuser/.m2/repository/jakarta/transaction/jakarta.transaction-api/1.3.3/jakarta.transaction-api-1.3.3.jar:/Users/newuser/.m2/repository/org/eclipse/microprofile/context-propagation/microprofile-context-propagation-api/1.2/microprofile-context-propagation-api-1.2.jar:/Users/newuser/.m2/repository/io/quarkus/quarkus-smallrye-openapi/2.7.4.Final/quarkus-smallrye-openapi-2.7.4.Final.jar:/Users/newuser/.m2/repository/io/smallrye/smallrye-open-api-core/2.1.21/smallrye-open-api-core-2.1.21.jar:/Users/newuser/.m2/repository/org/eclipse/microprofile/openapi/microprofile-openapi-api/2.0.1/microprofile-openapi-api-2.0.1.jar:/Users/newuser/.m2/repository/com/fasterxml/jackson/core/jackson-core/2.13.1/jackson-core-2.13.1.jar:/Users/newuser/.m2/repository/com/fasterxml/jackson/core/jackson-databind/2.13.1/jackson-databind-2.13.1.jar:/Users/newuser/.m2/repository/com/fasterxml/jackson/core/jackson-annotations/2.13.1/jackson-annotations-2.13.1.jar:/Users/newuser/.m2/repository/com/fasterxml/jackson/dataformat/jackson-dataformat-yaml/2.13.1/jackson-dataformat-yaml-2.13.1.jar:/Users/newuser/.m2/repository/org/yaml/snakeyaml/1.30/snakeyaml-1.30.jar:/Users/newuser/.m2/repository/org/jboss/jandex/2.4.2.Final/jandex-2.4.2.Final.jar:/Users/newuser/.m2/repository/io/quarkus/quarkus-swagger-ui/2.7.4.Final/quarkus-swagger-ui-2.7.4.Final.jar:/Users/newuser/.m2/repository/io/quarkus/quarkus-junit5/2.7.4.Final/quarkus-junit5-2.7.4.Final.jar:/Users/newuser/.m2/repository/io/quarkus/quarkus-bootstrap-core/2.7.4.Final/quarkus-bootstrap-core-2.7.4.Final.jar:/Users/newuser/.m2/repository/io/quarkus/quarkus-bootstrap-app-model/2.7.4.Final/quarkus-bootstrap-app-model-2.7.4.Final.jar:/Users/newuser/.m2/repository/io/quarkus/quarkus-bootstrap-maven-resolver/2.7.4.Final/quarkus-bootstrap-maven-resolver-2.7.4.Final.jar:/Users/newuser/.m2/repository/org/apache/maven/maven-embedder/3.8.4/maven-embedder-3.8.4.jar:/Users/newuser/.m2/repository/org/apache/maven/maven-settings/3.8.4/maven-settings-3.8.4.jar:/Users/newuser/.m2/repository/org/apache/maven/maven-core/3.8.4/maven-core-3.8.4.jar:/Users/newuser/.m2/repository/org/apache/maven/maven-artifact/3.8.4/maven-artifact-3.8.4.jar:/Users/newuser/.m2/repository/org/codehaus/plexus/plexus-component-annotations/2.1.0/plexus-component-annotations-2.1.0.jar:/Users/newuser/.m2/repository/org/apache/maven/maven-plugin-api/3.8.4/maven-plugin-api-3.8.4.jar:/Users/newuser/.m2/repository/org/apache/maven/maven-model/3.8.4/maven-model-3.8.4.jar:/Users/newuser/.m2/repository/org/apache/maven/maven-model-builder/3.8.4/maven-model-builder-3.8.4.jar:/Users/newuser/.m2/repository/org/apache/maven/maven-builder-support/3.8.4/maven-builder-support-3.8.4.jar:/Users/newuser/.m2/repository/org/apache/maven/resolver/maven-resolver-api/1.6.3/maven-resolver-api-1.6.3.jar:/Users/newuser/.m2/repository/org/apache/maven/resolver/maven-resolver-util/1.6.3/maven-resolver-util-1.6.3.jar:/Users/newuser/.m2/repository/org/apache/maven/shared/maven-shared-utils/3.3.4/maven-shared-utils-3.3.4.jar:/Users/newuser/.m2/repository/com/google/inject/guice/4.2.2/guice-4.2.2-no_aop.jar:/Users/newuser/.m2/repository/com/google/guava/guava/30.1.1-jre/guava-30.1.1-jre.jar:/Users/newuser/.m2/repository/com/google/guava/failureaccess/1.0.1/failureaccess-1.0.1.jar:/Users/newuser/.m2/repository/org/codehaus/plexus/plexus-classworlds/2.6.0/plexus-classworlds-2.6.0.jar:/Users/newuser/.m2/repository/org/codehaus/plexus/plexus-sec-dispatcher/2.0/plexus-sec-dispatcher-2.0.jar:/Users/newuser/.m2/repository/org/codehaus/plexus/plexus-cipher/2.0/plexus-cipher-2.0.jar:/Users/newuser/.m2/repository/commons-cli/commons-cli/1.4/commons-cli-1.4.jar:/Users/newuser/.m2/repository/org/eclipse/sisu/org.eclipse.sisu.plexus/0.3.5/org.eclipse.sisu.plexus-0.3.5.jar:/Users/newuser/.m2/repository/org/apache/maven/maven-settings-builder/3.8.4/maven-settings-builder-3.8.4.jar:/Users/newuser/.m2/repository/org/codehaus/plexus/plexus-interpolation/1.26/plexus-interpolation-1.26.jar:/Users/newuser/.m2/repository/org/apache/maven/maven-resolver-provider/3.8.4/maven-resolver-provider-3.8.4.jar:/Users/newuser/.m2/repository/org/apache/maven/maven-repository-metadata/3.8.4/maven-repository-metadata-3.8.4.jar:/Users/newuser/.m2/repository/org/apache/maven/resolver/maven-resolver-spi/1.6.3/maven-resolver-spi-1.6.3.jar:/Users/newuser/.m2/repository/org/apache/maven/resolver/maven-resolver-impl/1.6.3/maven-resolver-impl-1.6.3.jar:/Users/newuser/.m2/repository/org/codehaus/plexus/plexus-utils/3.3.0/plexus-utils-3.3.0.jar:/Users/newuser/.m2/repository/org/apache/maven/resolver/maven-resolver-connector-basic/1.6.3/maven-resolver-connector-basic-1.6.3.jar:/Users/newuser/.m2/repository/org/apache/maven/resolver/maven-resolver-transport-wagon/1.6.3/maven-resolver-transport-wagon-1.6.3.jar:/Users/newuser/.m2/repository/org/apache/maven/wagon/wagon-http/3.4.3/wagon-http-3.4.3.jar:/Users/newuser/.m2/repository/org/apache/maven/wagon/wagon-http-shared/3.4.3/wagon-http-shared-3.4.3.jar:/Users/newuser/.m2/repository/org/jsoup/jsoup/1.14.2/jsoup-1.14.2.jar:/Users/newuser/.m2/repository/org/apache/maven/wagon/wagon-provider-api/3.4.3/wagon-provider-api-3.4.3.jar:/Users/newuser/.m2/repository/org/apache/maven/wagon/wagon-file/3.4.3/wagon-file-3.4.3.jar:/Users/newuser/.m2/repository/io/quarkus/quarkus-bootstrap-gradle-resolver/2.7.4.Final/quarkus-bootstrap-gradle-resolver-2.7.4.Final.jar:/Users/newuser/.m2/repository/io/smallrye/common/smallrye-common-io/1.10.0/smallrye-common-io-1.10.0.jar:/Users/newuser/.m2/repository/org/eclipse/sisu/org.eclipse.sisu.inject/0.3.5/org.eclipse.sisu.inject-0.3.5.jar:/Users/newuser/.m2/repository/io/quarkus/quarkus-test-common/2.7.4.Final/quarkus-test-common-2.7.4.Final.jar:/Users/newuser/.m2/repository/io/quarkus/quarkus-core-deployment/2.7.4.Final/quarkus-core-deployment-2.7.4.Final.jar:/Users/newuser/.m2/repository/org/aesh/readline/2.2/readline-2.2.jar:/Users/newuser/.m2/repository/org/fusesource/jansi/jansi/1.18/jansi-1.18.jar:/Users/newuser/.m2/repository/org/aesh/aesh/2.6/aesh-2.6.jar:/Users/newuser/.m2/repository/io/quarkus/gizmo/gizmo/1.0.10.Final/gizmo-1.0.10.Final.jar:/Users/newuser/.m2/repository/org/ow2/asm/asm-util/9.2/asm-util-9.2.jar:/Users/newuser/.m2/repository/org/ow2/asm/asm/9.2/asm-9.2.jar:/Users/newuser/.m2/repository/org/ow2/asm/asm-commons/9.2/asm-commons-9.2.jar:/Users/newuser/.m2/repository/org/ow2/asm/asm-tree/9.2/asm-tree-9.2.jar:/Users/newuser/.m2/repository/org/ow2/asm/asm-analysis/9.2/asm-analysis-9.2.jar:/Users/newuser/.m2/repository/io/quarkus/quarkus-class-change-agent/2.7.4.Final/quarkus-class-change-agent-2.7.4.Final.jar:/Users/newuser/.m2/repository/io/quarkus/quarkus-devtools-utilities/2.7.4.Final/quarkus-devtools-utilities-2.7.4.Final.jar:/Users/newuser/.m2/repository/io/quarkus/quarkus-builder/2.7.4.Final/quarkus-builder-2.7.4.Final.jar:/Users/newuser/.m2/repository/org/junit/platform/junit-platform-launcher/1.8.2/junit-platform-launcher-1.8.2.jar:/Users/newuser/.m2/repository/io/quarkus/quarkus-jsonp-deployment/2.7.4.Final/quarkus-jsonp-deployment-2.7.4.Final.jar:/Users/newuser/.m2/repository/org/jboss/logging/commons-logging-jboss-logging/1.0.0.Final/commons-logging-jboss-logging-1.0.0.Final.jar:/Users/newuser/.m2/repository/io/quarkus/quarkus-junit5-properties/2.7.4.Final/quarkus-junit5-properties-2.7.4.Final.jar:/Users/newuser/.m2/repository/com/thoughtworks/xstream/xstream/1.4.19/xstream-1.4.19.jar:/Users/newuser/.m2/repository/io/github/x-stream/mxparser/1.2.2/mxparser-1.2.2.jar:/Users/newuser/.m2/repository/xmlpull/xmlpull/1.1.3.1/xmlpull-1.1.3.1.jar:/Users/newuser/.m2/repository/io/rest-assured/rest-assured/4.4.0/rest-assured-4.4.0.jar:/Users/newuser/.m2/repository/org/codehaus/groovy/groovy/3.0.8/groovy-3.0.8.jar:/Users/newuser/.m2/repository/org/codehaus/groovy/groovy-xml/3.0.8/groovy-xml-3.0.8.jar:/Users/newuser/.m2/repository/org/apache/httpcomponents/httpclient/4.5.13/httpclient-4.5.13.jar:/Users/newuser/.m2/repository/org/apache/httpcomponents/httpcore/4.4.15/httpcore-4.4.15.jar:/Users/newuser/.m2/repository/commons-codec/commons-codec/1.15/commons-codec-1.15.jar:/Users/newuser/.m2/repository/org/apache/httpcomponents/httpmime/4.5.13/httpmime-4.5.13.jar:/Users/newuser/.m2/repository/org/hamcrest/hamcrest/2.1/hamcrest-2.1.jar:/Users/newuser/.m2/repository/org/ccil/cowan/tagsoup/tagsoup/1.2.1/tagsoup-1.2.1.jar:/Users/newuser/.m2/repository/io/rest-assured/json-path/4.4.0/json-path-4.4.0.jar:/Users/newuser/.m2/repository/org/codehaus/groovy/groovy-json/3.0.8/groovy-json-3.0.8.jar:/Users/newuser/.m2/repository/io/rest-assured/rest-assured-common/4.4.0/rest-assured-common-4.4.0.jar:/Users/newuser/.m2/repository/io/rest-assured/xml-path/4.4.0/xml-path-4.4.0.jar:/Users/newuser/.m2/repository/org/apache/commons/commons-lang3/3.12.0/commons-lang3-3.12.0.jar:/Users/newuser/.m2/repository/jakarta/xml/bind/jakarta.xml.bind-api/2.3.3/jakarta.xml.bind-api-2.3.3.jar:/Users/newuser/.m2/repository/com/sun/xml/bind/jaxb-impl/2.3.3/jaxb-impl-2.3.3.jar:"/>
    <property name="sun.cpu.endian" value="little"/>
    <property name="user.home" value="/Users/newuser"/>
    <property name="user.language" value="en"/>
    <property name="java.specification.vendor" value="Oracle Corporation"/>
    <property name="io.netty.allocator.maxOrder" value="3"/>
    <property name="java.version.date" value="2023-04-18"/>
    <property name="java.home" value="/usr/local/Cellar/openjdk/20.0.1/libexec/openjdk.jdk/Contents/Home"/>
    <property name="file.separator" value="/"/>
    <property name="basedir" value="/Users/newuser/Documents/framework-collections-app/quarkus-sales-app-fullstack/be/quarkus-jwt-auth/amazon-cart"/>
    <property name="java.vm.compressedOopsMode" value="Zero based"/>
    <property name="line.separator" value="&#10;"/>
    <property name="java.vm.specification.vendor" value="Oracle Corporation"/>
    <property name="java.specification.name" value="Java Platform API Specification"/>
    <property name="apple.awt.application.name" value="ForkedBooter"/>
    <property name="surefire.real.class.path" value="/Users/newuser/Documents/framework-collections-app/quarkus-sales-app-fullstack/be/quarkus-jwt-auth/amazon-cart/target/surefire/surefirebooter10830031914988932154.jar"/>
    <property name="sun.management.compiler" value="HotSpot 64-Bit Tiered Compilers"/>
    <property name="ftp.nonProxyHosts" value="local|*.local|169.254/16|*.169.254/16"/>
    <property name="java.runtime.version" value="20.0.1"/>
    <property name="user.name" value="newuser"/>
    <property name="stdout.encoding" value="US-ASCII"/>
    <property name="path.separator" value=":"/>
    <property name="os.version" value="11.7.3"/>
    <property name="java.runtime.name" value="OpenJDK Runtime Environment"/>
    <property name="file.encoding" value="UTF-8"/>
    <property name="java.vm.name" value="OpenJDK 64-Bit Server VM"/>
    <property name="java.vendor.version" value="Homebrew"/>
    <property name="localRepository" value="/Users/newuser/.m2/repository"/>
    <property name="java.vendor.url.bug" value="https://github.com/Homebrew/homebrew-core/issues"/>
    <property name="java.io.tmpdir" value="/var/folders/hs/3mll2ln90j504q6h521b62f40000gn/T/"/>
    <property name="quarkus.log.file.path" value="target/quarkus.log"/>
    <property name="java.version" value="20.0.1"/>
    <property name="java.util.concurrent.ForkJoinPool.common.threadFactory" value="io.quarkus.bootstrap.forkjoin.QuarkusForkJoinWorkerThreadFactory"/>
    <property name="user.dir" value="/Users/newuser/Documents/framework-collections-app/quarkus-sales-app-fullstack/be/quarkus-jwt-auth/amazon-cart"/>
    <property name="os.arch" value="x86_64"/>
    <property name="java.vm.specification.name" value="Java Virtual Machine Specification"/>
    <property name="vertx.disableDnsResolver" value="true"/>
    <property name="native.encoding" value="US-ASCII"/>
    <property name="java.util.logging.manager" value="org.jboss.logmanager.LogManager"/>
    <property name="java.library.path" value="/Users/newuser/Library/Java/Extensions:/Library/Java/Extensions:/Network/Library/Java/Extensions:/System/Library/Java/Extensions:/usr/lib/java:."/>
    <property name="java.vm.info" value="mixed mode, sharing"/>
    <property name="stderr.encoding" value="US-ASCII"/>
    <property name="java.vendor" value="Homebrew"/>
    <property name="vertx.disableTCCL" value="true"/>
    <property name="java.vm.version" value="20.0.1"/>
    <property name="sun.io.unicode.encoding" value="UnicodeBig"/>
    <property name="io.netty.machineId" value="0d:38:61:fc:b5:88:bd:53"/>
    <property name="socksNonProxyHosts" value="local|*.local|169.254/16|*.169.254/16"/>
    <property name="java.class.version" value="64.0"/>
    <property name="mp.openapi.extensions.smallrye.defaultConsumes" value="application/json"/>
  </properties>
  <testcase name="getItemsEmptyList" classname="org.gs.AmazonCartResourceTest" time="3.928">
    <system-out><![CDATA[2023-08-07 11:43:24,133 INFO  [org.jbo.threads] (main) JBoss Threads version 3.4.2.Final
2023-08-07 11:43:34,989 WARN  [io.ver.cor.imp.BlockedThreadChecker] (vertx-blocked-thread-checker) Thread Thread[#54,vert.x-eventloop-thread-2,5,main] has been blocked for 3747 ms, time limit is 2000 ms: io.vertx.core.VertxException: Thread blocked
	at io.vertx.core.net.impl.TCPServerBase.listen(TCPServerBase.java:125)
	at io.vertx.core.net.impl.TCPServerBase.bind(TCPServerBase.java:100)
	at io.vertx.core.http.impl.HttpServerImpl.listen(HttpServerImpl.java:217)
	at io.vertx.core.http.impl.HttpServerImpl.listen(HttpServerImpl.java:149)
	at io.vertx.core.http.impl.HttpServerImpl.listen(HttpServerImpl.java:154)
	at io.quarkus.vertx.http.runtime.VertxHttpRecorder$WebDeploymentVerticle.setupTcpHttpServer(VertxHttpRecorder.java:1077)
	at io.quarkus.vertx.http.runtime.VertxHttpRecorder$WebDeploymentVerticle.start(VertxHttpRecorder.java:1019)
	at io.vertx.core.impl.DeploymentManager.lambda$doDeploy$5(DeploymentManager.java:196)
	at io.vertx.core.impl.AbstractContext.dispatch(AbstractContext.java:100)
	at io.vertx.core.impl.AbstractContext.dispatch(AbstractContext.java:63)
	at io.vertx.core.impl.EventLoopContext.lambda$runOnContext$0(EventLoopContext.java:38)
	at io.netty.util.concurrent.AbstractEventExecutor.safeExecute(AbstractEventExecutor.java:164)
	at io.netty.util.concurrent.SingleThreadEventExecutor.runAllTasks(SingleThreadEventExecutor.java:469)
	at io.netty.channel.nio.NioEventLoop.run(NioEventLoop.java:503)
	at io.netty.util.concurrent.SingleThreadEventExecutor$4.run(SingleThreadEventExecutor.java:986)
	at io.netty.util.internal.ThreadExecutorMap$2.run(ThreadExecutorMap.java:74)
	at io.netty.util.concurrent.FastThreadLocalRunnable.run(FastThreadLocalRunnable.java:30)
	at java.base/java.lang.Thread.run(Thread.java:1623)

2023-08-07 11:43:34,993 WARN  [io.ver.cor.imp.BlockedThreadChecker] (vertx-blocked-thread-checker) Thread Thread[#52,vert.x-eventloop-thread-0,5,main] has been blocked for 3744 ms, time limit is 2000 ms: io.vertx.core.VertxException: Thread blocked
	at io.netty.channel.AbstractChannel.newId(AbstractChannel.java:113)
	at io.netty.channel.AbstractChannel.<init>(AbstractChannel.java:73)
	at io.netty.channel.nio.AbstractNioChannel.<init>(AbstractNioChannel.java:80)
	at io.netty.channel.nio.AbstractNioMessageChannel.<init>(AbstractNioMessageChannel.java:42)
	at io.netty.channel.socket.nio.NioServerSocketChannel.<init>(NioServerSocketChannel.java:89)
	at io.netty.channel.socket.nio.NioServerSocketChannel.<init>(NioServerSocketChannel.java:75)
	at io.netty.bootstrap.AbstractBootstrap.initAndRegister(AbstractBootstrap.java:310)
	at io.netty.bootstrap.AbstractBootstrap.doBind(AbstractBootstrap.java:272)
	at io.netty.bootstrap.AbstractBootstrap.bind(AbstractBootstrap.java:268)
	at io.vertx.core.net.impl.AsyncResolveConnectHelper.lambda$doBind$2(AsyncResolveConnectHelper.java:58)
	at io.vertx.core.impl.future.FutureImpl$3.onSuccess(FutureImpl.java:141)
	at io.vertx.core.impl.future.FutureBase.emitSuccess(FutureBase.java:60)
	at io.vertx.core.impl.future.FutureImpl.addListener(FutureImpl.java:196)
	at io.vertx.core.impl.future.FutureImpl.onComplete(FutureImpl.java:164)
	at io.vertx.core.impl.AddressResolver.resolveHostname(AddressResolver.java:86)
	at io.vertx.core.impl.VertxImpl.resolveAddress(VertxImpl.java:775)
	at io.vertx.core.net.impl.AsyncResolveConnectHelper.doBind(AsyncResolveConnectHelper.java:73)
	at io.vertx.core.net.impl.TCPServerBase.listen(TCPServerBase.java:169)
	at io.vertx.core.net.impl.TCPServerBase.bind(TCPServerBase.java:100)
	at io.vertx.core.http.impl.HttpServerImpl.listen(HttpServerImpl.java:217)
	at io.vertx.core.http.impl.HttpServerImpl.listen(HttpServerImpl.java:149)
	at io.vertx.core.http.impl.HttpServerImpl.listen(HttpServerImpl.java:154)
	at io.quarkus.vertx.http.runtime.VertxHttpRecorder$WebDeploymentVerticle.setupTcpHttpServer(VertxHttpRecorder.java:1077)
	at io.quarkus.vertx.http.runtime.VertxHttpRecorder$WebDeploymentVerticle.start(VertxHttpRecorder.java:1019)
	at io.vertx.core.impl.DeploymentManager.lambda$doDeploy$5(DeploymentManager.java:196)
	at io.vertx.core.impl.AbstractContext.dispatch(AbstractContext.java:100)
	at io.vertx.core.impl.AbstractContext.dispatch(AbstractContext.java:63)
	at io.vertx.core.impl.EventLoopContext.lambda$runOnContext$0(EventLoopContext.java:38)
	at io.netty.util.concurrent.AbstractEventExecutor.safeExecute(AbstractEventExecutor.java:164)
	at io.netty.util.concurrent.SingleThreadEventExecutor.runAllTasks(SingleThreadEventExecutor.java:469)
	at io.netty.channel.nio.NioEventLoop.run(NioEventLoop.java:503)
	at io.netty.util.concurrent.SingleThreadEventExecutor$4.run(SingleThreadEventExecutor.java:986)
	at io.netty.util.internal.ThreadExecutorMap$2.run(ThreadExecutorMap.java:74)
	at io.netty.util.concurrent.FastThreadLocalRunnable.run(FastThreadLocalRunnable.java:30)
	at java.base/java.lang.Thread.run(Thread.java:1623)

2023-08-07 11:43:34,995 WARN  [io.ver.cor.imp.BlockedThreadChecker] (vertx-blocked-thread-checker) Thread Thread[#58,vert.x-eventloop-thread-6,5,main] has been blocked for 3747 ms, time limit is 2000 ms: io.vertx.core.VertxException: Thread blocked
	at io.vertx.core.net.impl.TCPServerBase.listen(TCPServerBase.java:125)
	at io.vertx.core.net.impl.TCPServerBase.bind(TCPServerBase.java:100)
	at io.vertx.core.http.impl.HttpServerImpl.listen(HttpServerImpl.java:217)
	at io.vertx.core.http.impl.HttpServerImpl.listen(HttpServerImpl.java:149)
	at io.vertx.core.http.impl.HttpServerImpl.listen(HttpServerImpl.java:154)
	at io.quarkus.vertx.http.runtime.VertxHttpRecorder$WebDeploymentVerticle.setupTcpHttpServer(VertxHttpRecorder.java:1077)
	at io.quarkus.vertx.http.runtime.VertxHttpRecorder$WebDeploymentVerticle.start(VertxHttpRecorder.java:1019)
	at io.vertx.core.impl.DeploymentManager.lambda$doDeploy$5(DeploymentManager.java:196)
	at io.vertx.core.impl.AbstractContext.dispatch(AbstractContext.java:100)
	at io.vertx.core.impl.AbstractContext.dispatch(AbstractContext.java:63)
	at io.vertx.core.impl.EventLoopContext.lambda$runOnContext$0(EventLoopContext.java:38)
	at io.netty.util.concurrent.AbstractEventExecutor.safeExecute(AbstractEventExecutor.java:164)
	at io.netty.util.concurrent.SingleThreadEventExecutor.runAllTasks(SingleThreadEventExecutor.java:469)
	at io.netty.channel.nio.NioEventLoop.run(NioEventLoop.java:503)
	at io.netty.util.concurrent.SingleThreadEventExecutor$4.run(SingleThreadEventExecutor.java:986)
	at io.netty.util.internal.ThreadExecutorMap$2.run(ThreadExecutorMap.java:74)
	at io.netty.util.concurrent.FastThreadLocalRunnable.run(FastThreadLocalRunnable.java:30)
	at java.base/java.lang.Thread.run(Thread.java:1623)

2023-08-07 11:43:35,898 WARN  [io.qua.net.run.NettyRecorder] (Thread-16) Netty DefaultChannelId initialization (with io.netty.machineId system property set to 0d:38:61:fc:b5:88:bd:53) took more than a second
2023-08-07 11:43:35,968 INFO  [io.quarkus] (main) Quarkus 2.7.4.Final on JVM started in 13.287s. Listening on: http://localhost:8081
2023-08-07 11:43:35,970 INFO  [io.quarkus] (main) Profile test activated. 
2023-08-07 11:43:35,970 INFO  [io.quarkus] (main) Installed features: [cdi, reactive-routes, resteasy, resteasy-jsonb, security, smallrye-context-propagation, smallrye-jwt, smallrye-openapi, swagger-ui, vertx]
]]></system-out>
  </testcase>
  <testcase name="addItemAuthorizationDisabled" classname="org.gs.AmazonCartResourceTest" time="0.225"/>
  <testcase name="addItemWithAuthorization" classname="org.gs.AmazonCartResourceTest" time="0.074"/>
  <testcase name="addItemWithWrongAuthorization" classname="org.gs.AmazonCartResourceTest" time="0.035"/>
  <testcase name="addItemNoAuthorization" classname="org.gs.AmazonCartResourceTest" time="0.022"/>
  <testcase name="deleteItemAuthorizationDisabled" classname="org.gs.AmazonCartResourceTest" time="0.019"/>
  <testcase name="deleteItemWithAuthorization" classname="org.gs.AmazonCartResourceTest" time="0.015"/>
  <testcase name="deleteItemNoAuthorization" classname="org.gs.AmazonCartResourceTest" time="0.013"/>
</testsuite>